INSERT INTO produit (nom_produit,id_categorie_produit) VALUES ('eau',1);
INSERT 0 1
INSERT INTO produit (nom_produit,id_categorie_produit) VALUES ('coca',1);
INSERT 0 1
INSERT INTO produit (nom_produit,id_categorie_produit) VALUES ('kefir',1);
INSERT 0 1
INSERT INTO produit (nom_produit,id_categorie_produit) VALUES ('orangina',1);
INSERT 0 1
INSERT INTO produit (nom_produit,id_categorie_produit) VALUES ('crème solaire',2);
INSERT 0 1
INSERT INTO produit (nom_produit,id_categorie_produit) VALUES ('brosse à dents',2);
INSERT 0 1
INSERT INTO produit (nom_produit,id_categorie_produit) VALUES ('dentifrice',2);
INSERT 0 1
INSERT INTO produit (nom_produit,id_categorie_produit) VALUES ('pansements',2);
INSERT 0 1
INSERT INTO produit (nom_produit,id_categorie_produit) VALUES ('croquettes',3);
INSERT 0 1
INSERT INTO produit (nom_produit,id_categorie_produit) VALUES ('bière',4);
INSERT 0 1
INSERT INTO produit (nom_produit,id_categorie_produit) VALUES ('bière 2',4);
INSERT 0 1
INSERT INTO produit (nom_produit,id_categorie_produit) VALUES ('kiwi',5);
INSERT 0 1
INSERT INTO produit (nom_produit,id_categorie_produit) VALUES ('banane',5);
INSERT 0 1
INSERT INTO produit (nom_produit,id_categorie_produit) VALUES ('fraises',5);
INSERT 0 1
INSERT INTO produit (nom_produit,id_categorie_produit) VALUES ('saumon',6);
INSERT 0 1
INSERT INTO produit (nom_produit,id_categorie_produit) VALUES ('sardines',6);
INSERT 0 1
INSERT INTO produit (nom_produit,id_categorie_produit) VALUES ('thon',6);
INSERT 0 1
INSERT INTO produit (nom_produit,id_categorie_produit) VALUES ('hareng',6);
INSERT 0 1
--
--1 ('boissons');
--2 ('santé');
--3 ('animalerie');
--4 ('bieres');
--5 ('fruits');
--6 ('poissons');
