INSERT INTO categorie_produit (nom_categorie_produit) VALUES ('boissons');
INSERT 0 1
INSERT INTO categorie_produit (nom_categorie_produit) VALUES ('santé');
INSERT 0 1
INSERT INTO categorie_produit (nom_categorie_produit) VALUES ('animalerie');
INSERT 0 1
INSERT INTO categorie_produit (nom_categorie_produit) VALUES ('bieres');
INSERT 0 1
INSERT INTO categorie_produit (nom_categorie_produit) VALUES ('fruits');
INSERT 0 1
INSERT INTO categorie_produit (nom_categorie_produit) VALUES ('poissons');
INSERT 0 1
--INSERT INTO categorie_produit (nom_categorie_produit) VALUES ('fruits et légumes en conserve');
--INSERT INTO categorie_produit (nom_categorie_produit) VALUES ('fruits et légumes surgelés');
--INSERT INTO categorie_produit (nom_categorie_produit) VALUES ('fruits secs');
--INSERT INTO categorie_produit (nom_categorie_produit) VALUES ('boucherie');
--INSERT INTO categorie_produit (nom_categorie_produit) VALUES ('charcuterie');
--INSERT INTO categorie_produit (nom_categorie_produit) VALUES ('poissons');
-- INSERT INTO categorie_produit (nom_categorie_produit) VALUES ('surgelés');
-- INSERT INTO categorie_produit (nom_categorie_produit) VALUES ('crémerie');
-- INSERT INTO categorie_produit (nom_categorie_produit) VALUES ('laitages');
-- INSERT INTO categorie_produit (nom_categorie_produit) VALUES ('fromages');
-- INSERT INTO categorie_produit (nom_categorie_produit) VALUES ('boulangerie');
-- INSERT INTO categorie_produit (nom_categorie_produit) VALUES ('pates, riz, céréales');
-- INSERT INTO categorie_produit (nom_categorie_produit) VALUES ('conserves épicerie salée');
-- INSERT INTO categorie_produit (nom_categorie_produit) VALUES ('condiments et sauces');
-- INSERT INTO categorie_produit (nom_categorie_produit) VALUES ('plats préparés');
-- INSERT INTO categorie_produit (nom_categorie_produit) VALUES ('épicerie sucrée');
-- INSERT INTO categorie_produit (nom_categorie_produit) VALUES ('petit déjeuner');
-- INSERT INTO categorie_produit (nom_categorie_produit) VALUES ('boissons');
-- INSERT INTO categorie_produit (nom_categorie_produit) VALUES (huiles et épices');
-- INSERT INTO categorie_produit (nom_categorie_produit) VALUES ('farine, sucre, œufs');
-- INSERT INTO categorie_produit (nom_categorie_produit) VALUES ('farine, sucre, œufs');
-- INSERT INTO categorie_produit (nom_categorie_produit) VALUES ('produits de nettoyage');
