INSERT INTO association_etagere_produit (id_etagere, id_produit) VALUES (1,1);-- eau dans rayon 1 etagere 1
INSERT 0 1
INSERT INTO association_etagere_produit (id_etagere, id_produit) VALUES (1,2);-- coca
INSERT 0 1
INSERT INTO association_etagere_produit (id_etagere, id_produit) VALUES (1,3);-- kefir
INSERT 0 1
INSERT INTO association_etagere_produit (id_etagere, id_produit) VALUES (1,4);-- orangina
INSERT 0 1
INSERT INTO association_etagere_produit (id_etagere, id_produit) VALUES (2,5); -- crème solaire
INSERT 0 1
INSERT INTO association_etagere_produit (id_etagere, id_produit) VALUES (2,6);  -- brosse à dents
INSERT 0 1
INSERT INTO association_etagere_produit (id_etagere, id_produit) VALUES (2,7);  -- dentifrice
INSERT 0 1
INSERT INTO association_etagere_produit (id_etagere, id_produit) VALUES (2,8);  -- pansement
INSERT 0 1
INSERT INTO association_etagere_produit (id_etagere, id_produit) VALUES (3,9);  -- croquette
INSERT 0 1
INSERT INTO association_etagere_produit (id_etagere, id_produit) VALUES (4,10);  -- biere
INSERT 0 1
INSERT INTO association_etagere_produit (id_etagere, id_produit) VALUES (4,11);  -- biere 2
INSERT 0 1
INSERT INTO association_etagere_produit (id_etagere, id_produit) VALUES (5,12);  -- kiwi
INSERT 0 1
INSERT INTO association_etagere_produit (id_etagere, id_produit) VALUES (5,13);  -- banane
INSERT 0 1
INSERT INTO association_etagere_produit (id_etagere, id_produit) VALUES (5,14);  -- fraises
INSERT 0 1
INSERT INTO association_etagere_produit (id_etagere, id_produit) VALUES (6,15);  -- saumon
INSERT 0 1
INSERT INTO association_etagere_produit (id_etagere, id_produit) VALUES (6,16);  -- sardines
INSERT 0 1
INSERT INTO association_etagere_produit (id_etagere, id_produit) VALUES (6,17);  -- thon
INSERT 0 1
INSERT INTO association_etagere_produit (id_etagere, id_produit) VALUES (6,18);  -- hareng
INSERT 0 1
